<?xml version="1.0" encoding="UTF-8"?>
<testsuite name="com.getcapacitor.myapp.ExampleUnitTest" tests="1" skipped="0" failures="0" errors="0" timestamp="2024-12-20T05:24:16" hostname="Chariths-MacBook-Pro.local" time="0.0">
  <properties/>
  <testcase name="addition_isCorrect" classname="com.getcapacitor.myapp.ExampleUnitTest" time="0.0"/>
  <system-out><![CDATA[]]></system-out>
  <system-err><![CDATA[]]></system-err>
</testsuite>
